<?xml version="1.0" encoding="UTF-8"?>
<!--suppress JpaConfigDomFacetInspection -->
<persistence xmlns="http://xmlns.jcp.org/xml/ns/persistence"
             xmlns:xsi="http://www.w3.org/2001/XMLSchema-instance"
             xsi:schemaLocation="http://xmlns.jcp.org/xml/ns/persistence http://xmlns.jcp.org/xml/ns/persistence/persistence_2_1.xsd"
             version="2.1">

    <persistence-unit name="Agenda">
        <jta-data-source>jdbc/arquillian</jta-data-source>
        <properties>
            <property name="hibernate.hbm2ddl.auto" value="create-drop"/>
            <property name="hibernate.show_sql" value="true"/>
            <property name="current_session_context_class" value="thread" /> 
        </properties>
    </persistence-unit>

</persistence>